[2024-05-17T17:11:44.134+0000] {processor.py:157} INFO - Started process (PID=53) to work on /opt/airflow/dags/example_mysql_conn.py
[2024-05-17T17:11:44.135+0000] {processor.py:829} INFO - Processing file /opt/airflow/dags/example_mysql_conn.py for tasks to queue
[2024-05-17T17:11:44.135+0000] {logging_mixin.py:154} INFO - [2024-05-17T17:11:44.135+0000] {dagbag.py:536} INFO - Filling up the DagBag from /opt/airflow/dags/example_mysql_conn.py
[2024-05-17T17:11:44.146+0000] {processor.py:839} INFO - DAG(s) dict_keys(['example_mysql_conn']) retrieved from /opt/airflow/dags/example_mysql_conn.py
[2024-05-17T17:11:44.231+0000] {logging_mixin.py:154} INFO - [2024-05-17T17:11:44.231+0000] {manager.py:499} INFO - Created Permission View: %s
[2024-05-17T17:11:44.239+0000] {logging_mixin.py:154} INFO - [2024-05-17T17:11:44.239+0000] {manager.py:499} INFO - Created Permission View: %s
[2024-05-17T17:11:44.245+0000] {logging_mixin.py:154} INFO - [2024-05-17T17:11:44.245+0000] {manager.py:499} INFO - Created Permission View: %s
[2024-05-17T17:11:44.245+0000] {logging_mixin.py:154} INFO - [2024-05-17T17:11:44.245+0000] {dag.py:2941} INFO - Sync 1 DAGs
[2024-05-17T17:11:44.255+0000] {logging_mixin.py:154} INFO - [2024-05-17T17:11:44.255+0000] {dag.py:2963} INFO - Creating ORM DAG for example_mysql_conn
[2024-05-17T17:11:44.265+0000] {logging_mixin.py:154} INFO - [2024-05-17T17:11:44.265+0000] {dag.py:3722} INFO - Setting next_dagrun for example_mysql_conn to 2024-05-16T00:00:00+00:00, run_after=2024-05-17T00:00:00+00:00
[2024-05-17T17:11:44.278+0000] {processor.py:179} INFO - Processing /opt/airflow/dags/example_mysql_conn.py took 0.146 seconds
[2024-05-17T17:12:14.464+0000] {processor.py:157} INFO - Started process (PID=56) to work on /opt/airflow/dags/example_mysql_conn.py
[2024-05-17T17:12:14.465+0000] {processor.py:829} INFO - Processing file /opt/airflow/dags/example_mysql_conn.py for tasks to queue
[2024-05-17T17:12:14.465+0000] {logging_mixin.py:154} INFO - [2024-05-17T17:12:14.465+0000] {dagbag.py:536} INFO - Filling up the DagBag from /opt/airflow/dags/example_mysql_conn.py
[2024-05-17T17:12:14.476+0000] {processor.py:839} INFO - DAG(s) dict_keys(['example_mysql_conn']) retrieved from /opt/airflow/dags/example_mysql_conn.py
[2024-05-17T17:12:14.498+0000] {logging_mixin.py:154} INFO - [2024-05-17T17:12:14.498+0000] {dag.py:2941} INFO - Sync 1 DAGs
[2024-05-17T17:12:14.519+0000] {logging_mixin.py:154} INFO - [2024-05-17T17:12:14.519+0000] {dag.py:3722} INFO - Setting next_dagrun for example_mysql_conn to 2024-05-16T00:00:00+00:00, run_after=2024-05-17T00:00:00+00:00
[2024-05-17T17:12:14.533+0000] {processor.py:179} INFO - Processing /opt/airflow/dags/example_mysql_conn.py took 0.071 seconds
[2024-05-17T17:12:44.727+0000] {processor.py:157} INFO - Started process (PID=59) to work on /opt/airflow/dags/example_mysql_conn.py
[2024-05-17T17:12:44.731+0000] {processor.py:829} INFO - Processing file /opt/airflow/dags/example_mysql_conn.py for tasks to queue
[2024-05-17T17:12:44.732+0000] {logging_mixin.py:154} INFO - [2024-05-17T17:12:44.732+0000] {dagbag.py:536} INFO - Filling up the DagBag from /opt/airflow/dags/example_mysql_conn.py
[2024-05-17T17:12:44.743+0000] {processor.py:839} INFO - DAG(s) dict_keys(['example_mysql_conn']) retrieved from /opt/airflow/dags/example_mysql_conn.py
[2024-05-17T17:12:44.768+0000] {logging_mixin.py:154} INFO - [2024-05-17T17:12:44.768+0000] {dag.py:2941} INFO - Sync 1 DAGs
[2024-05-17T17:12:44.790+0000] {logging_mixin.py:154} INFO - [2024-05-17T17:12:44.790+0000] {dag.py:3722} INFO - Setting next_dagrun for example_mysql_conn to 2024-05-16T00:00:00+00:00, run_after=2024-05-17T00:00:00+00:00
[2024-05-17T17:12:44.804+0000] {processor.py:179} INFO - Processing /opt/airflow/dags/example_mysql_conn.py took 0.080 seconds
[2024-05-17T17:13:14.997+0000] {processor.py:157} INFO - Started process (PID=62) to work on /opt/airflow/dags/example_mysql_conn.py
[2024-05-17T17:13:14.998+0000] {processor.py:829} INFO - Processing file /opt/airflow/dags/example_mysql_conn.py for tasks to queue
[2024-05-17T17:13:14.999+0000] {logging_mixin.py:154} INFO - [2024-05-17T17:13:14.998+0000] {dagbag.py:536} INFO - Filling up the DagBag from /opt/airflow/dags/example_mysql_conn.py
[2024-05-17T17:13:15.009+0000] {processor.py:839} INFO - DAG(s) dict_keys(['example_mysql_conn']) retrieved from /opt/airflow/dags/example_mysql_conn.py
[2024-05-17T17:13:15.033+0000] {logging_mixin.py:154} INFO - [2024-05-17T17:13:15.033+0000] {dag.py:2941} INFO - Sync 1 DAGs
[2024-05-17T17:13:15.055+0000] {logging_mixin.py:154} INFO - [2024-05-17T17:13:15.054+0000] {dag.py:3722} INFO - Setting next_dagrun for example_mysql_conn to 2024-05-16T00:00:00+00:00, run_after=2024-05-17T00:00:00+00:00
[2024-05-17T17:13:15.069+0000] {processor.py:179} INFO - Processing /opt/airflow/dags/example_mysql_conn.py took 0.074 seconds
[2024-05-17T17:13:45.256+0000] {processor.py:157} INFO - Started process (PID=65) to work on /opt/airflow/dags/example_mysql_conn.py
[2024-05-17T17:13:45.259+0000] {processor.py:829} INFO - Processing file /opt/airflow/dags/example_mysql_conn.py for tasks to queue
[2024-05-17T17:13:45.260+0000] {logging_mixin.py:154} INFO - [2024-05-17T17:13:45.260+0000] {dagbag.py:536} INFO - Filling up the DagBag from /opt/airflow/dags/example_mysql_conn.py
[2024-05-17T17:13:45.271+0000] {processor.py:839} INFO - DAG(s) dict_keys(['example_mysql_conn']) retrieved from /opt/airflow/dags/example_mysql_conn.py
[2024-05-17T17:13:45.293+0000] {logging_mixin.py:154} INFO - [2024-05-17T17:13:45.293+0000] {dag.py:2941} INFO - Sync 1 DAGs
[2024-05-17T17:13:45.313+0000] {logging_mixin.py:154} INFO - [2024-05-17T17:13:45.313+0000] {dag.py:3722} INFO - Setting next_dagrun for example_mysql_conn to 2024-05-16T00:00:00+00:00, run_after=2024-05-17T00:00:00+00:00
[2024-05-17T17:13:45.328+0000] {processor.py:179} INFO - Processing /opt/airflow/dags/example_mysql_conn.py took 0.074 seconds
[2024-05-17T17:14:15.534+0000] {processor.py:157} INFO - Started process (PID=68) to work on /opt/airflow/dags/example_mysql_conn.py
[2024-05-17T17:14:15.539+0000] {processor.py:829} INFO - Processing file /opt/airflow/dags/example_mysql_conn.py for tasks to queue
[2024-05-17T17:14:15.540+0000] {logging_mixin.py:154} INFO - [2024-05-17T17:14:15.540+0000] {dagbag.py:536} INFO - Filling up the DagBag from /opt/airflow/dags/example_mysql_conn.py
[2024-05-17T17:14:15.552+0000] {processor.py:839} INFO - DAG(s) dict_keys(['example_mysql_conn']) retrieved from /opt/airflow/dags/example_mysql_conn.py
[2024-05-17T17:14:15.573+0000] {logging_mixin.py:154} INFO - [2024-05-17T17:14:15.573+0000] {dag.py:2941} INFO - Sync 1 DAGs
[2024-05-17T17:14:15.593+0000] {logging_mixin.py:154} INFO - [2024-05-17T17:14:15.593+0000] {dag.py:3722} INFO - Setting next_dagrun for example_mysql_conn to 2024-05-16T00:00:00+00:00, run_after=2024-05-17T00:00:00+00:00
[2024-05-17T17:14:15.608+0000] {processor.py:179} INFO - Processing /opt/airflow/dags/example_mysql_conn.py took 0.077 seconds
[2024-05-17T17:14:45.812+0000] {processor.py:157} INFO - Started process (PID=71) to work on /opt/airflow/dags/example_mysql_conn.py
[2024-05-17T17:14:45.817+0000] {processor.py:829} INFO - Processing file /opt/airflow/dags/example_mysql_conn.py for tasks to queue
[2024-05-17T17:14:45.818+0000] {logging_mixin.py:154} INFO - [2024-05-17T17:14:45.818+0000] {dagbag.py:536} INFO - Filling up the DagBag from /opt/airflow/dags/example_mysql_conn.py
[2024-05-17T17:14:45.829+0000] {processor.py:839} INFO - DAG(s) dict_keys(['example_mysql_conn']) retrieved from /opt/airflow/dags/example_mysql_conn.py
[2024-05-17T17:14:45.851+0000] {logging_mixin.py:154} INFO - [2024-05-17T17:14:45.850+0000] {dag.py:2941} INFO - Sync 1 DAGs
[2024-05-17T17:14:45.871+0000] {logging_mixin.py:154} INFO - [2024-05-17T17:14:45.871+0000] {dag.py:3722} INFO - Setting next_dagrun for example_mysql_conn to 2024-05-16T00:00:00+00:00, run_after=2024-05-17T00:00:00+00:00
[2024-05-17T17:14:45.887+0000] {processor.py:179} INFO - Processing /opt/airflow/dags/example_mysql_conn.py took 0.077 seconds
[2024-05-17T17:15:16.083+0000] {processor.py:157} INFO - Started process (PID=74) to work on /opt/airflow/dags/example_mysql_conn.py
[2024-05-17T17:15:16.087+0000] {processor.py:829} INFO - Processing file /opt/airflow/dags/example_mysql_conn.py for tasks to queue
[2024-05-17T17:15:16.088+0000] {logging_mixin.py:154} INFO - [2024-05-17T17:15:16.087+0000] {dagbag.py:536} INFO - Filling up the DagBag from /opt/airflow/dags/example_mysql_conn.py
[2024-05-17T17:15:16.099+0000] {processor.py:839} INFO - DAG(s) dict_keys(['example_mysql_conn']) retrieved from /opt/airflow/dags/example_mysql_conn.py
[2024-05-17T17:15:16.122+0000] {logging_mixin.py:154} INFO - [2024-05-17T17:15:16.122+0000] {dag.py:2941} INFO - Sync 1 DAGs
[2024-05-17T17:15:16.144+0000] {logging_mixin.py:154} INFO - [2024-05-17T17:15:16.144+0000] {dag.py:3722} INFO - Setting next_dagrun for example_mysql_conn to 2024-05-16T00:00:00+00:00, run_after=2024-05-17T00:00:00+00:00
[2024-05-17T17:15:16.159+0000] {processor.py:179} INFO - Processing /opt/airflow/dags/example_mysql_conn.py took 0.079 seconds
[2024-05-17T17:15:46.352+0000] {processor.py:157} INFO - Started process (PID=77) to work on /opt/airflow/dags/example_mysql_conn.py
[2024-05-17T17:15:46.357+0000] {processor.py:829} INFO - Processing file /opt/airflow/dags/example_mysql_conn.py for tasks to queue
[2024-05-17T17:15:46.359+0000] {logging_mixin.py:154} INFO - [2024-05-17T17:15:46.358+0000] {dagbag.py:536} INFO - Filling up the DagBag from /opt/airflow/dags/example_mysql_conn.py
[2024-05-17T17:15:46.369+0000] {processor.py:839} INFO - DAG(s) dict_keys(['example_mysql_conn']) retrieved from /opt/airflow/dags/example_mysql_conn.py
[2024-05-17T17:15:46.393+0000] {logging_mixin.py:154} INFO - [2024-05-17T17:15:46.393+0000] {dag.py:2941} INFO - Sync 1 DAGs
[2024-05-17T17:15:46.413+0000] {logging_mixin.py:154} INFO - [2024-05-17T17:15:46.413+0000] {dag.py:3722} INFO - Setting next_dagrun for example_mysql_conn to 2024-05-16T00:00:00+00:00, run_after=2024-05-17T00:00:00+00:00
[2024-05-17T17:15:46.427+0000] {processor.py:179} INFO - Processing /opt/airflow/dags/example_mysql_conn.py took 0.078 seconds
[2024-05-17T17:18:31.330+0000] {processor.py:157} INFO - Started process (PID=39) to work on /opt/airflow/dags/example_mysql_conn.py
[2024-05-17T17:18:31.331+0000] {processor.py:829} INFO - Processing file /opt/airflow/dags/example_mysql_conn.py for tasks to queue
[2024-05-17T17:18:31.334+0000] {logging_mixin.py:154} INFO - [2024-05-17T17:18:31.334+0000] {dagbag.py:536} INFO - Filling up the DagBag from /opt/airflow/dags/example_mysql_conn.py
[2024-05-17T17:18:31.350+0000] {processor.py:839} INFO - DAG(s) dict_keys(['example_mysql_conn']) retrieved from /opt/airflow/dags/example_mysql_conn.py
[2024-05-17T17:18:31.390+0000] {logging_mixin.py:154} INFO - [2024-05-17T17:18:31.390+0000] {dag.py:2941} INFO - Sync 1 DAGs
[2024-05-17T17:18:31.421+0000] {logging_mixin.py:154} INFO - [2024-05-17T17:18:31.420+0000] {dag.py:3722} INFO - Setting next_dagrun for example_mysql_conn to 2024-05-16T00:00:00+00:00, run_after=2024-05-17T00:00:00+00:00
[2024-05-17T17:18:31.440+0000] {processor.py:179} INFO - Processing /opt/airflow/dags/example_mysql_conn.py took 0.114 seconds
[2024-05-17T17:19:01.630+0000] {processor.py:157} INFO - Started process (PID=42) to work on /opt/airflow/dags/example_mysql_conn.py
[2024-05-17T17:19:01.635+0000] {processor.py:829} INFO - Processing file /opt/airflow/dags/example_mysql_conn.py for tasks to queue
[2024-05-17T17:19:01.639+0000] {logging_mixin.py:154} INFO - [2024-05-17T17:19:01.639+0000] {dagbag.py:536} INFO - Filling up the DagBag from /opt/airflow/dags/example_mysql_conn.py
[2024-05-17T17:19:01.649+0000] {processor.py:839} INFO - DAG(s) dict_keys(['example_mysql_conn']) retrieved from /opt/airflow/dags/example_mysql_conn.py
[2024-05-17T17:19:01.678+0000] {logging_mixin.py:154} INFO - [2024-05-17T17:19:01.678+0000] {dag.py:2941} INFO - Sync 1 DAGs
[2024-05-17T17:19:01.696+0000] {logging_mixin.py:154} INFO - [2024-05-17T17:19:01.696+0000] {dag.py:3722} INFO - Setting next_dagrun for example_mysql_conn to 2024-05-16T00:00:00+00:00, run_after=2024-05-17T00:00:00+00:00
[2024-05-17T17:19:01.710+0000] {processor.py:179} INFO - Processing /opt/airflow/dags/example_mysql_conn.py took 0.082 seconds
[2024-05-17T17:19:31.909+0000] {processor.py:157} INFO - Started process (PID=45) to work on /opt/airflow/dags/example_mysql_conn.py
[2024-05-17T17:19:31.914+0000] {processor.py:829} INFO - Processing file /opt/airflow/dags/example_mysql_conn.py for tasks to queue
[2024-05-17T17:19:31.916+0000] {logging_mixin.py:154} INFO - [2024-05-17T17:19:31.916+0000] {dagbag.py:536} INFO - Filling up the DagBag from /opt/airflow/dags/example_mysql_conn.py
[2024-05-17T17:19:31.926+0000] {processor.py:839} INFO - DAG(s) dict_keys(['example_mysql_conn']) retrieved from /opt/airflow/dags/example_mysql_conn.py
[2024-05-17T17:19:31.949+0000] {logging_mixin.py:154} INFO - [2024-05-17T17:19:31.949+0000] {dag.py:2941} INFO - Sync 1 DAGs
[2024-05-17T17:19:31.969+0000] {logging_mixin.py:154} INFO - [2024-05-17T17:19:31.968+0000] {dag.py:3722} INFO - Setting next_dagrun for example_mysql_conn to 2024-05-16T00:00:00+00:00, run_after=2024-05-17T00:00:00+00:00
[2024-05-17T17:19:31.986+0000] {processor.py:179} INFO - Processing /opt/airflow/dags/example_mysql_conn.py took 0.079 seconds
