[2024-05-17T17:11:44.257+0000] {processor.py:157} INFO - Started process (PID=54) to work on /opt/airflow/dags/example_talend.py
[2024-05-17T17:11:44.258+0000] {processor.py:829} INFO - Processing file /opt/airflow/dags/example_talend.py for tasks to queue
[2024-05-17T17:11:44.259+0000] {logging_mixin.py:154} INFO - [2024-05-17T17:11:44.258+0000] {dagbag.py:536} INFO - Filling up the DagBag from /opt/airflow/dags/example_talend.py
[2024-05-17T17:11:44.268+0000] {processor.py:839} INFO - DAG(s) dict_keys(['example_talend']) retrieved from /opt/airflow/dags/example_talend.py
[2024-05-17T17:11:44.356+0000] {logging_mixin.py:154} INFO - [2024-05-17T17:11:44.356+0000] {manager.py:499} INFO - Created Permission View: %s
[2024-05-17T17:11:44.365+0000] {logging_mixin.py:154} INFO - [2024-05-17T17:11:44.365+0000] {manager.py:499} INFO - Created Permission View: %s
[2024-05-17T17:11:44.371+0000] {logging_mixin.py:154} INFO - [2024-05-17T17:11:44.371+0000] {manager.py:499} INFO - Created Permission View: %s
[2024-05-17T17:11:44.371+0000] {logging_mixin.py:154} INFO - [2024-05-17T17:11:44.371+0000] {dag.py:2941} INFO - Sync 1 DAGs
[2024-05-17T17:11:44.382+0000] {logging_mixin.py:154} INFO - [2024-05-17T17:11:44.382+0000] {dag.py:2963} INFO - Creating ORM DAG for example_talend
[2024-05-17T17:11:44.391+0000] {logging_mixin.py:154} INFO - [2024-05-17T17:11:44.390+0000] {dag.py:3722} INFO - Setting next_dagrun for example_talend to 2024-05-17T00:00:00+00:00, run_after=2024-05-20T00:00:00+00:00
[2024-05-17T17:11:44.406+0000] {processor.py:179} INFO - Processing /opt/airflow/dags/example_talend.py took 0.151 seconds
[2024-05-17T17:12:14.556+0000] {processor.py:157} INFO - Started process (PID=57) to work on /opt/airflow/dags/example_talend.py
[2024-05-17T17:12:14.557+0000] {processor.py:829} INFO - Processing file /opt/airflow/dags/example_talend.py for tasks to queue
[2024-05-17T17:12:14.558+0000] {logging_mixin.py:154} INFO - [2024-05-17T17:12:14.558+0000] {dagbag.py:536} INFO - Filling up the DagBag from /opt/airflow/dags/example_talend.py
[2024-05-17T17:12:14.566+0000] {processor.py:839} INFO - DAG(s) dict_keys(['example_talend']) retrieved from /opt/airflow/dags/example_talend.py
[2024-05-17T17:12:14.589+0000] {logging_mixin.py:154} INFO - [2024-05-17T17:12:14.589+0000] {dag.py:2941} INFO - Sync 1 DAGs
[2024-05-17T17:12:14.608+0000] {logging_mixin.py:154} INFO - [2024-05-17T17:12:14.608+0000] {dag.py:3722} INFO - Setting next_dagrun for example_talend to 2024-05-17T00:00:00+00:00, run_after=2024-05-20T00:00:00+00:00
[2024-05-17T17:12:14.623+0000] {processor.py:179} INFO - Processing /opt/airflow/dags/example_talend.py took 0.069 seconds
[2024-05-17T17:12:44.827+0000] {processor.py:157} INFO - Started process (PID=60) to work on /opt/airflow/dags/example_talend.py
[2024-05-17T17:12:44.827+0000] {processor.py:829} INFO - Processing file /opt/airflow/dags/example_talend.py for tasks to queue
[2024-05-17T17:12:44.828+0000] {logging_mixin.py:154} INFO - [2024-05-17T17:12:44.828+0000] {dagbag.py:536} INFO - Filling up the DagBag from /opt/airflow/dags/example_talend.py
[2024-05-17T17:12:44.837+0000] {processor.py:839} INFO - DAG(s) dict_keys(['example_talend']) retrieved from /opt/airflow/dags/example_talend.py
[2024-05-17T17:12:44.865+0000] {logging_mixin.py:154} INFO - [2024-05-17T17:12:44.865+0000] {dag.py:2941} INFO - Sync 1 DAGs
[2024-05-17T17:12:44.885+0000] {logging_mixin.py:154} INFO - [2024-05-17T17:12:44.885+0000] {dag.py:3722} INFO - Setting next_dagrun for example_talend to 2024-05-17T00:00:00+00:00, run_after=2024-05-20T00:00:00+00:00
[2024-05-17T17:12:44.901+0000] {processor.py:179} INFO - Processing /opt/airflow/dags/example_talend.py took 0.077 seconds
[2024-05-17T17:13:15.081+0000] {processor.py:157} INFO - Started process (PID=63) to work on /opt/airflow/dags/example_talend.py
[2024-05-17T17:13:15.082+0000] {processor.py:829} INFO - Processing file /opt/airflow/dags/example_talend.py for tasks to queue
[2024-05-17T17:13:15.083+0000] {logging_mixin.py:154} INFO - [2024-05-17T17:13:15.082+0000] {dagbag.py:536} INFO - Filling up the DagBag from /opt/airflow/dags/example_talend.py
[2024-05-17T17:13:15.092+0000] {processor.py:839} INFO - DAG(s) dict_keys(['example_talend']) retrieved from /opt/airflow/dags/example_talend.py
[2024-05-17T17:13:15.113+0000] {logging_mixin.py:154} INFO - [2024-05-17T17:13:15.113+0000] {dag.py:2941} INFO - Sync 1 DAGs
[2024-05-17T17:13:15.132+0000] {logging_mixin.py:154} INFO - [2024-05-17T17:13:15.132+0000] {dag.py:3722} INFO - Setting next_dagrun for example_talend to 2024-05-17T00:00:00+00:00, run_after=2024-05-20T00:00:00+00:00
[2024-05-17T17:13:15.147+0000] {processor.py:179} INFO - Processing /opt/airflow/dags/example_talend.py took 0.068 seconds
[2024-05-17T17:13:45.352+0000] {processor.py:157} INFO - Started process (PID=66) to work on /opt/airflow/dags/example_talend.py
[2024-05-17T17:13:45.353+0000] {processor.py:829} INFO - Processing file /opt/airflow/dags/example_talend.py for tasks to queue
[2024-05-17T17:13:45.353+0000] {logging_mixin.py:154} INFO - [2024-05-17T17:13:45.353+0000] {dagbag.py:536} INFO - Filling up the DagBag from /opt/airflow/dags/example_talend.py
[2024-05-17T17:13:45.362+0000] {processor.py:839} INFO - DAG(s) dict_keys(['example_talend']) retrieved from /opt/airflow/dags/example_talend.py
[2024-05-17T17:13:45.384+0000] {logging_mixin.py:154} INFO - [2024-05-17T17:13:45.384+0000] {dag.py:2941} INFO - Sync 1 DAGs
[2024-05-17T17:13:45.403+0000] {logging_mixin.py:154} INFO - [2024-05-17T17:13:45.402+0000] {dag.py:3722} INFO - Setting next_dagrun for example_talend to 2024-05-17T00:00:00+00:00, run_after=2024-05-20T00:00:00+00:00
[2024-05-17T17:13:45.418+0000] {processor.py:179} INFO - Processing /opt/airflow/dags/example_talend.py took 0.068 seconds
[2024-05-17T17:14:15.631+0000] {processor.py:157} INFO - Started process (PID=69) to work on /opt/airflow/dags/example_talend.py
[2024-05-17T17:14:15.631+0000] {processor.py:829} INFO - Processing file /opt/airflow/dags/example_talend.py for tasks to queue
[2024-05-17T17:14:15.632+0000] {logging_mixin.py:154} INFO - [2024-05-17T17:14:15.632+0000] {dagbag.py:536} INFO - Filling up the DagBag from /opt/airflow/dags/example_talend.py
[2024-05-17T17:14:15.641+0000] {processor.py:839} INFO - DAG(s) dict_keys(['example_talend']) retrieved from /opt/airflow/dags/example_talend.py
[2024-05-17T17:14:15.666+0000] {logging_mixin.py:154} INFO - [2024-05-17T17:14:15.666+0000] {dag.py:2941} INFO - Sync 1 DAGs
[2024-05-17T17:14:15.684+0000] {logging_mixin.py:154} INFO - [2024-05-17T17:14:15.684+0000] {dag.py:3722} INFO - Setting next_dagrun for example_talend to 2024-05-17T00:00:00+00:00, run_after=2024-05-20T00:00:00+00:00
[2024-05-17T17:14:15.700+0000] {processor.py:179} INFO - Processing /opt/airflow/dags/example_talend.py took 0.072 seconds
[2024-05-17T17:14:45.908+0000] {processor.py:157} INFO - Started process (PID=72) to work on /opt/airflow/dags/example_talend.py
[2024-05-17T17:14:45.909+0000] {processor.py:829} INFO - Processing file /opt/airflow/dags/example_talend.py for tasks to queue
[2024-05-17T17:14:45.909+0000] {logging_mixin.py:154} INFO - [2024-05-17T17:14:45.909+0000] {dagbag.py:536} INFO - Filling up the DagBag from /opt/airflow/dags/example_talend.py
[2024-05-17T17:14:45.920+0000] {processor.py:839} INFO - DAG(s) dict_keys(['example_talend']) retrieved from /opt/airflow/dags/example_talend.py
[2024-05-17T17:14:45.944+0000] {logging_mixin.py:154} INFO - [2024-05-17T17:14:45.944+0000] {dag.py:2941} INFO - Sync 1 DAGs
[2024-05-17T17:14:45.966+0000] {logging_mixin.py:154} INFO - [2024-05-17T17:14:45.966+0000] {dag.py:3722} INFO - Setting next_dagrun for example_talend to 2024-05-17T00:00:00+00:00, run_after=2024-05-20T00:00:00+00:00
[2024-05-17T17:14:45.981+0000] {processor.py:179} INFO - Processing /opt/airflow/dags/example_talend.py took 0.076 seconds
[2024-05-17T17:15:16.180+0000] {processor.py:157} INFO - Started process (PID=75) to work on /opt/airflow/dags/example_talend.py
[2024-05-17T17:15:16.181+0000] {processor.py:829} INFO - Processing file /opt/airflow/dags/example_talend.py for tasks to queue
[2024-05-17T17:15:16.182+0000] {logging_mixin.py:154} INFO - [2024-05-17T17:15:16.181+0000] {dagbag.py:536} INFO - Filling up the DagBag from /opt/airflow/dags/example_talend.py
[2024-05-17T17:15:16.190+0000] {processor.py:839} INFO - DAG(s) dict_keys(['example_talend']) retrieved from /opt/airflow/dags/example_talend.py
[2024-05-17T17:15:16.213+0000] {logging_mixin.py:154} INFO - [2024-05-17T17:15:16.213+0000] {dag.py:2941} INFO - Sync 1 DAGs
[2024-05-17T17:15:16.234+0000] {logging_mixin.py:154} INFO - [2024-05-17T17:15:16.234+0000] {dag.py:3722} INFO - Setting next_dagrun for example_talend to 2024-05-17T00:00:00+00:00, run_after=2024-05-20T00:00:00+00:00
[2024-05-17T17:15:16.251+0000] {processor.py:179} INFO - Processing /opt/airflow/dags/example_talend.py took 0.073 seconds
[2024-05-17T17:15:46.446+0000] {processor.py:157} INFO - Started process (PID=78) to work on /opt/airflow/dags/example_talend.py
[2024-05-17T17:15:46.447+0000] {processor.py:829} INFO - Processing file /opt/airflow/dags/example_talend.py for tasks to queue
[2024-05-17T17:15:46.447+0000] {logging_mixin.py:154} INFO - [2024-05-17T17:15:46.447+0000] {dagbag.py:536} INFO - Filling up the DagBag from /opt/airflow/dags/example_talend.py
[2024-05-17T17:15:46.456+0000] {processor.py:839} INFO - DAG(s) dict_keys(['example_talend']) retrieved from /opt/airflow/dags/example_talend.py
[2024-05-17T17:15:46.480+0000] {logging_mixin.py:154} INFO - [2024-05-17T17:15:46.480+0000] {dag.py:2941} INFO - Sync 1 DAGs
[2024-05-17T17:15:46.501+0000] {logging_mixin.py:154} INFO - [2024-05-17T17:15:46.501+0000] {dag.py:3722} INFO - Setting next_dagrun for example_talend to 2024-05-17T00:00:00+00:00, run_after=2024-05-20T00:00:00+00:00
[2024-05-17T17:15:46.518+0000] {processor.py:179} INFO - Processing /opt/airflow/dags/example_talend.py took 0.075 seconds
[2024-05-17T17:18:31.399+0000] {processor.py:157} INFO - Started process (PID=40) to work on /opt/airflow/dags/example_talend.py
[2024-05-17T17:18:31.400+0000] {processor.py:829} INFO - Processing file /opt/airflow/dags/example_talend.py for tasks to queue
[2024-05-17T17:18:31.402+0000] {logging_mixin.py:154} INFO - [2024-05-17T17:18:31.402+0000] {dagbag.py:536} INFO - Filling up the DagBag from /opt/airflow/dags/example_talend.py
[2024-05-17T17:18:31.414+0000] {processor.py:839} INFO - DAG(s) dict_keys(['example_talend']) retrieved from /opt/airflow/dags/example_talend.py
[2024-05-17T17:18:31.432+0000] {logging_mixin.py:154} INFO - [2024-05-17T17:18:31.432+0000] {dag.py:2941} INFO - Sync 1 DAGs
[2024-05-17T17:18:31.455+0000] {logging_mixin.py:154} INFO - [2024-05-17T17:18:31.455+0000] {dag.py:3722} INFO - Setting next_dagrun for example_talend to 2024-05-17T00:00:00+00:00, run_after=2024-05-20T00:00:00+00:00
[2024-05-17T17:18:31.472+0000] {processor.py:179} INFO - Processing /opt/airflow/dags/example_talend.py took 0.077 seconds
[2024-05-17T17:19:01.731+0000] {processor.py:157} INFO - Started process (PID=43) to work on /opt/airflow/dags/example_talend.py
[2024-05-17T17:19:01.732+0000] {processor.py:829} INFO - Processing file /opt/airflow/dags/example_talend.py for tasks to queue
[2024-05-17T17:19:01.735+0000] {logging_mixin.py:154} INFO - [2024-05-17T17:19:01.735+0000] {dagbag.py:536} INFO - Filling up the DagBag from /opt/airflow/dags/example_talend.py
[2024-05-17T17:19:01.742+0000] {processor.py:839} INFO - DAG(s) dict_keys(['example_talend']) retrieved from /opt/airflow/dags/example_talend.py
[2024-05-17T17:19:01.766+0000] {logging_mixin.py:154} INFO - [2024-05-17T17:19:01.766+0000] {dag.py:2941} INFO - Sync 1 DAGs
[2024-05-17T17:19:01.784+0000] {logging_mixin.py:154} INFO - [2024-05-17T17:19:01.784+0000] {dag.py:3722} INFO - Setting next_dagrun for example_talend to 2024-05-17T00:00:00+00:00, run_after=2024-05-20T00:00:00+00:00
[2024-05-17T17:19:01.800+0000] {processor.py:179} INFO - Processing /opt/airflow/dags/example_talend.py took 0.072 seconds
[2024-05-17T17:19:32.007+0000] {processor.py:157} INFO - Started process (PID=46) to work on /opt/airflow/dags/example_talend.py
[2024-05-17T17:19:32.008+0000] {processor.py:829} INFO - Processing file /opt/airflow/dags/example_talend.py for tasks to queue
[2024-05-17T17:19:32.010+0000] {logging_mixin.py:154} INFO - [2024-05-17T17:19:32.010+0000] {dagbag.py:536} INFO - Filling up the DagBag from /opt/airflow/dags/example_talend.py
[2024-05-17T17:19:32.018+0000] {processor.py:839} INFO - DAG(s) dict_keys(['example_talend']) retrieved from /opt/airflow/dags/example_talend.py
[2024-05-17T17:19:32.041+0000] {logging_mixin.py:154} INFO - [2024-05-17T17:19:32.041+0000] {dag.py:2941} INFO - Sync 1 DAGs
[2024-05-17T17:19:32.061+0000] {logging_mixin.py:154} INFO - [2024-05-17T17:19:32.060+0000] {dag.py:3722} INFO - Setting next_dagrun for example_talend to 2024-05-17T00:00:00+00:00, run_after=2024-05-20T00:00:00+00:00
[2024-05-17T17:19:32.077+0000] {processor.py:179} INFO - Processing /opt/airflow/dags/example_talend.py took 0.072 seconds
