[2024-05-17T17:11:44.074+0000] {processor.py:157} INFO - Started process (PID=52) to work on /opt/airflow/dags/example_dummy.py
[2024-05-17T17:11:44.075+0000] {processor.py:829} INFO - Processing file /opt/airflow/dags/example_dummy.py for tasks to queue
[2024-05-17T17:11:44.075+0000] {logging_mixin.py:154} INFO - [2024-05-17T17:11:44.075+0000] {dagbag.py:536} INFO - Filling up the DagBag from /opt/airflow/dags/example_dummy.py
[2024-05-17T17:11:44.084+0000] {processor.py:839} INFO - DAG(s) dict_keys(['example_dummy']) retrieved from /opt/airflow/dags/example_dummy.py
[2024-05-17T17:11:44.186+0000] {logging_mixin.py:154} INFO - [2024-05-17T17:11:44.185+0000] {manager.py:499} INFO - Created Permission View: %s
[2024-05-17T17:11:44.194+0000] {logging_mixin.py:154} INFO - [2024-05-17T17:11:44.194+0000] {manager.py:499} INFO - Created Permission View: %s
[2024-05-17T17:11:44.200+0000] {logging_mixin.py:154} INFO - [2024-05-17T17:11:44.199+0000] {manager.py:499} INFO - Created Permission View: %s
[2024-05-17T17:11:44.200+0000] {logging_mixin.py:154} INFO - [2024-05-17T17:11:44.200+0000] {dag.py:2941} INFO - Sync 1 DAGs
[2024-05-17T17:11:44.209+0000] {logging_mixin.py:154} INFO - [2024-05-17T17:11:44.209+0000] {dag.py:2963} INFO - Creating ORM DAG for example_dummy
[2024-05-17T17:11:44.218+0000] {logging_mixin.py:154} INFO - [2024-05-17T17:11:44.218+0000] {dag.py:3722} INFO - Setting next_dagrun for example_dummy to 2024-01-01T04:00:00+00:00, run_after=2024-01-02T04:00:00+00:00
[2024-05-17T17:11:44.233+0000] {processor.py:179} INFO - Processing /opt/airflow/dags/example_dummy.py took 0.161 seconds
[2024-05-17T17:12:14.458+0000] {processor.py:157} INFO - Started process (PID=55) to work on /opt/airflow/dags/example_dummy.py
[2024-05-17T17:12:14.465+0000] {processor.py:829} INFO - Processing file /opt/airflow/dags/example_dummy.py for tasks to queue
[2024-05-17T17:12:14.466+0000] {logging_mixin.py:154} INFO - [2024-05-17T17:12:14.466+0000] {dagbag.py:536} INFO - Filling up the DagBag from /opt/airflow/dags/example_dummy.py
[2024-05-17T17:12:14.475+0000] {processor.py:839} INFO - DAG(s) dict_keys(['example_dummy']) retrieved from /opt/airflow/dags/example_dummy.py
[2024-05-17T17:12:14.499+0000] {logging_mixin.py:154} INFO - [2024-05-17T17:12:14.498+0000] {dag.py:2941} INFO - Sync 1 DAGs
[2024-05-17T17:12:14.519+0000] {logging_mixin.py:154} INFO - [2024-05-17T17:12:14.518+0000] {dag.py:3722} INFO - Setting next_dagrun for example_dummy to 2024-01-01T04:00:00+00:00, run_after=2024-01-02T04:00:00+00:00
[2024-05-17T17:12:14.533+0000] {processor.py:179} INFO - Processing /opt/airflow/dags/example_dummy.py took 0.078 seconds
[2024-05-17T17:12:44.720+0000] {processor.py:157} INFO - Started process (PID=58) to work on /opt/airflow/dags/example_dummy.py
[2024-05-17T17:12:44.731+0000] {processor.py:829} INFO - Processing file /opt/airflow/dags/example_dummy.py for tasks to queue
[2024-05-17T17:12:44.732+0000] {logging_mixin.py:154} INFO - [2024-05-17T17:12:44.732+0000] {dagbag.py:536} INFO - Filling up the DagBag from /opt/airflow/dags/example_dummy.py
[2024-05-17T17:12:44.741+0000] {processor.py:839} INFO - DAG(s) dict_keys(['example_dummy']) retrieved from /opt/airflow/dags/example_dummy.py
[2024-05-17T17:12:44.768+0000] {logging_mixin.py:154} INFO - [2024-05-17T17:12:44.768+0000] {dag.py:2941} INFO - Sync 1 DAGs
[2024-05-17T17:12:44.790+0000] {logging_mixin.py:154} INFO - [2024-05-17T17:12:44.790+0000] {dag.py:3722} INFO - Setting next_dagrun for example_dummy to 2024-01-01T04:00:00+00:00, run_after=2024-01-02T04:00:00+00:00
[2024-05-17T17:12:44.807+0000] {processor.py:179} INFO - Processing /opt/airflow/dags/example_dummy.py took 0.090 seconds
[2024-05-17T17:13:14.991+0000] {processor.py:157} INFO - Started process (PID=61) to work on /opt/airflow/dags/example_dummy.py
[2024-05-17T17:13:14.992+0000] {processor.py:829} INFO - Processing file /opt/airflow/dags/example_dummy.py for tasks to queue
[2024-05-17T17:13:14.992+0000] {logging_mixin.py:154} INFO - [2024-05-17T17:13:14.992+0000] {dagbag.py:536} INFO - Filling up the DagBag from /opt/airflow/dags/example_dummy.py
[2024-05-17T17:13:15.001+0000] {processor.py:839} INFO - DAG(s) dict_keys(['example_dummy']) retrieved from /opt/airflow/dags/example_dummy.py
[2024-05-17T17:13:15.025+0000] {logging_mixin.py:154} INFO - [2024-05-17T17:13:15.025+0000] {dag.py:2941} INFO - Sync 1 DAGs
[2024-05-17T17:13:15.044+0000] {logging_mixin.py:154} INFO - [2024-05-17T17:13:15.044+0000] {dag.py:3722} INFO - Setting next_dagrun for example_dummy to 2024-01-01T04:00:00+00:00, run_after=2024-01-02T04:00:00+00:00
[2024-05-17T17:13:15.059+0000] {processor.py:179} INFO - Processing /opt/airflow/dags/example_dummy.py took 0.071 seconds
[2024-05-17T17:13:45.250+0000] {processor.py:157} INFO - Started process (PID=64) to work on /opt/airflow/dags/example_dummy.py
[2024-05-17T17:13:45.259+0000] {processor.py:829} INFO - Processing file /opt/airflow/dags/example_dummy.py for tasks to queue
[2024-05-17T17:13:45.260+0000] {logging_mixin.py:154} INFO - [2024-05-17T17:13:45.260+0000] {dagbag.py:536} INFO - Filling up the DagBag from /opt/airflow/dags/example_dummy.py
[2024-05-17T17:13:45.269+0000] {processor.py:839} INFO - DAG(s) dict_keys(['example_dummy']) retrieved from /opt/airflow/dags/example_dummy.py
[2024-05-17T17:13:45.294+0000] {logging_mixin.py:154} INFO - [2024-05-17T17:13:45.293+0000] {dag.py:2941} INFO - Sync 1 DAGs
[2024-05-17T17:13:45.312+0000] {logging_mixin.py:154} INFO - [2024-05-17T17:13:45.312+0000] {dag.py:3722} INFO - Setting next_dagrun for example_dummy to 2024-01-01T04:00:00+00:00, run_after=2024-01-02T04:00:00+00:00
[2024-05-17T17:13:45.328+0000] {processor.py:179} INFO - Processing /opt/airflow/dags/example_dummy.py took 0.081 seconds
[2024-05-17T17:14:15.528+0000] {processor.py:157} INFO - Started process (PID=67) to work on /opt/airflow/dags/example_dummy.py
[2024-05-17T17:14:15.539+0000] {processor.py:829} INFO - Processing file /opt/airflow/dags/example_dummy.py for tasks to queue
[2024-05-17T17:14:15.540+0000] {logging_mixin.py:154} INFO - [2024-05-17T17:14:15.540+0000] {dagbag.py:536} INFO - Filling up the DagBag from /opt/airflow/dags/example_dummy.py
[2024-05-17T17:14:15.550+0000] {processor.py:839} INFO - DAG(s) dict_keys(['example_dummy']) retrieved from /opt/airflow/dags/example_dummy.py
[2024-05-17T17:14:15.573+0000] {logging_mixin.py:154} INFO - [2024-05-17T17:14:15.573+0000] {dag.py:2941} INFO - Sync 1 DAGs
[2024-05-17T17:14:15.593+0000] {logging_mixin.py:154} INFO - [2024-05-17T17:14:15.593+0000] {dag.py:3722} INFO - Setting next_dagrun for example_dummy to 2024-01-01T04:00:00+00:00, run_after=2024-01-02T04:00:00+00:00
[2024-05-17T17:14:15.608+0000] {processor.py:179} INFO - Processing /opt/airflow/dags/example_dummy.py took 0.083 seconds
[2024-05-17T17:14:45.806+0000] {processor.py:157} INFO - Started process (PID=70) to work on /opt/airflow/dags/example_dummy.py
[2024-05-17T17:14:45.817+0000] {processor.py:829} INFO - Processing file /opt/airflow/dags/example_dummy.py for tasks to queue
[2024-05-17T17:14:45.818+0000] {logging_mixin.py:154} INFO - [2024-05-17T17:14:45.818+0000] {dagbag.py:536} INFO - Filling up the DagBag from /opt/airflow/dags/example_dummy.py
[2024-05-17T17:14:45.827+0000] {processor.py:839} INFO - DAG(s) dict_keys(['example_dummy']) retrieved from /opt/airflow/dags/example_dummy.py
[2024-05-17T17:14:45.851+0000] {logging_mixin.py:154} INFO - [2024-05-17T17:14:45.851+0000] {dag.py:2941} INFO - Sync 1 DAGs
[2024-05-17T17:14:45.873+0000] {logging_mixin.py:154} INFO - [2024-05-17T17:14:45.873+0000] {dag.py:3722} INFO - Setting next_dagrun for example_dummy to 2024-01-01T04:00:00+00:00, run_after=2024-01-02T04:00:00+00:00
[2024-05-17T17:14:45.889+0000] {processor.py:179} INFO - Processing /opt/airflow/dags/example_dummy.py took 0.086 seconds
[2024-05-17T17:15:16.075+0000] {processor.py:157} INFO - Started process (PID=73) to work on /opt/airflow/dags/example_dummy.py
[2024-05-17T17:15:16.087+0000] {processor.py:829} INFO - Processing file /opt/airflow/dags/example_dummy.py for tasks to queue
[2024-05-17T17:15:16.088+0000] {logging_mixin.py:154} INFO - [2024-05-17T17:15:16.088+0000] {dagbag.py:536} INFO - Filling up the DagBag from /opt/airflow/dags/example_dummy.py
[2024-05-17T17:15:16.097+0000] {processor.py:839} INFO - DAG(s) dict_keys(['example_dummy']) retrieved from /opt/airflow/dags/example_dummy.py
[2024-05-17T17:15:16.121+0000] {logging_mixin.py:154} INFO - [2024-05-17T17:15:16.120+0000] {dag.py:2941} INFO - Sync 1 DAGs
[2024-05-17T17:15:16.142+0000] {logging_mixin.py:154} INFO - [2024-05-17T17:15:16.142+0000] {dag.py:3722} INFO - Setting next_dagrun for example_dummy to 2024-01-01T04:00:00+00:00, run_after=2024-01-02T04:00:00+00:00
[2024-05-17T17:15:16.157+0000] {processor.py:179} INFO - Processing /opt/airflow/dags/example_dummy.py took 0.084 seconds
[2024-05-17T17:15:46.346+0000] {processor.py:157} INFO - Started process (PID=76) to work on /opt/airflow/dags/example_dummy.py
[2024-05-17T17:15:46.357+0000] {processor.py:829} INFO - Processing file /opt/airflow/dags/example_dummy.py for tasks to queue
[2024-05-17T17:15:46.359+0000] {logging_mixin.py:154} INFO - [2024-05-17T17:15:46.358+0000] {dagbag.py:536} INFO - Filling up the DagBag from /opt/airflow/dags/example_dummy.py
[2024-05-17T17:15:46.367+0000] {processor.py:839} INFO - DAG(s) dict_keys(['example_dummy']) retrieved from /opt/airflow/dags/example_dummy.py
[2024-05-17T17:15:46.393+0000] {logging_mixin.py:154} INFO - [2024-05-17T17:15:46.393+0000] {dag.py:2941} INFO - Sync 1 DAGs
[2024-05-17T17:15:46.411+0000] {logging_mixin.py:154} INFO - [2024-05-17T17:15:46.411+0000] {dag.py:3722} INFO - Setting next_dagrun for example_dummy to 2024-01-01T04:00:00+00:00, run_after=2024-01-02T04:00:00+00:00
[2024-05-17T17:15:46.424+0000] {processor.py:179} INFO - Processing /opt/airflow/dags/example_dummy.py took 0.081 seconds
[2024-05-17T17:18:31.248+0000] {processor.py:157} INFO - Started process (PID=38) to work on /opt/airflow/dags/example_dummy.py
[2024-05-17T17:18:31.249+0000] {processor.py:829} INFO - Processing file /opt/airflow/dags/example_dummy.py for tasks to queue
[2024-05-17T17:18:31.251+0000] {logging_mixin.py:154} INFO - [2024-05-17T17:18:31.251+0000] {dagbag.py:536} INFO - Filling up the DagBag from /opt/airflow/dags/example_dummy.py
[2024-05-17T17:18:31.272+0000] {processor.py:839} INFO - DAG(s) dict_keys(['example_dummy']) retrieved from /opt/airflow/dags/example_dummy.py
[2024-05-17T17:18:31.305+0000] {logging_mixin.py:154} INFO - [2024-05-17T17:18:31.305+0000] {dag.py:2941} INFO - Sync 1 DAGs
[2024-05-17T17:18:31.336+0000] {logging_mixin.py:154} INFO - [2024-05-17T17:18:31.336+0000] {dag.py:3722} INFO - Setting next_dagrun for example_dummy to 2024-01-01T04:00:00+00:00, run_after=2024-01-02T04:00:00+00:00
[2024-05-17T17:18:31.360+0000] {processor.py:179} INFO - Processing /opt/airflow/dags/example_dummy.py took 0.115 seconds
[2024-05-17T17:19:01.624+0000] {processor.py:157} INFO - Started process (PID=41) to work on /opt/airflow/dags/example_dummy.py
[2024-05-17T17:19:01.635+0000] {processor.py:829} INFO - Processing file /opt/airflow/dags/example_dummy.py for tasks to queue
[2024-05-17T17:19:01.639+0000] {logging_mixin.py:154} INFO - [2024-05-17T17:19:01.639+0000] {dagbag.py:536} INFO - Filling up the DagBag from /opt/airflow/dags/example_dummy.py
[2024-05-17T17:19:01.647+0000] {processor.py:839} INFO - DAG(s) dict_keys(['example_dummy']) retrieved from /opt/airflow/dags/example_dummy.py
[2024-05-17T17:19:01.678+0000] {logging_mixin.py:154} INFO - [2024-05-17T17:19:01.678+0000] {dag.py:2941} INFO - Sync 1 DAGs
[2024-05-17T17:19:01.697+0000] {logging_mixin.py:154} INFO - [2024-05-17T17:19:01.697+0000] {dag.py:3722} INFO - Setting next_dagrun for example_dummy to 2024-01-01T04:00:00+00:00, run_after=2024-01-02T04:00:00+00:00
[2024-05-17T17:19:01.712+0000] {processor.py:179} INFO - Processing /opt/airflow/dags/example_dummy.py took 0.090 seconds
[2024-05-17T17:19:31.903+0000] {processor.py:157} INFO - Started process (PID=44) to work on /opt/airflow/dags/example_dummy.py
[2024-05-17T17:19:31.914+0000] {processor.py:829} INFO - Processing file /opt/airflow/dags/example_dummy.py for tasks to queue
[2024-05-17T17:19:31.917+0000] {logging_mixin.py:154} INFO - [2024-05-17T17:19:31.917+0000] {dagbag.py:536} INFO - Filling up the DagBag from /opt/airflow/dags/example_dummy.py
[2024-05-17T17:19:31.925+0000] {processor.py:839} INFO - DAG(s) dict_keys(['example_dummy']) retrieved from /opt/airflow/dags/example_dummy.py
[2024-05-17T17:19:31.949+0000] {logging_mixin.py:154} INFO - [2024-05-17T17:19:31.949+0000] {dag.py:2941} INFO - Sync 1 DAGs
[2024-05-17T17:19:31.968+0000] {logging_mixin.py:154} INFO - [2024-05-17T17:19:31.968+0000] {dag.py:3722} INFO - Setting next_dagrun for example_dummy to 2024-01-01T04:00:00+00:00, run_after=2024-01-02T04:00:00+00:00
[2024-05-17T17:19:31.986+0000] {processor.py:179} INFO - Processing /opt/airflow/dags/example_dummy.py took 0.086 seconds
