[2024-05-17T17:01:43.120+0000] {processor.py:157} INFO - Started process (PID=38) to work on /opt/airflow/dags/train_dag.py
[2024-05-17T17:01:43.121+0000] {processor.py:829} INFO - Processing file /opt/airflow/dags/train_dag.py for tasks to queue
[2024-05-17T17:01:43.123+0000] {logging_mixin.py:154} INFO - [2024-05-17T17:01:43.123+0000] {dagbag.py:536} INFO - Filling up the DagBag from /opt/airflow/dags/train_dag.py
[2024-05-17T17:01:43.143+0000] {processor.py:839} INFO - DAG(s) dict_keys(['train_and_store_model']) retrieved from /opt/airflow/dags/train_dag.py
[2024-05-17T17:01:43.173+0000] {logging_mixin.py:154} INFO - [2024-05-17T17:01:43.173+0000] {dag.py:2941} INFO - Sync 1 DAGs
[2024-05-17T17:01:43.204+0000] {logging_mixin.py:154} INFO - [2024-05-17T17:01:43.204+0000] {dag.py:3722} INFO - Setting next_dagrun for train_and_store_model to 2024-03-05T04:00:00+00:00, run_after=2024-03-06T04:00:00+00:00
[2024-05-17T17:01:43.224+0000] {processor.py:179} INFO - Processing /opt/airflow/dags/train_dag.py took 0.106 seconds
[2024-05-17T17:01:57.225+0000] {processor.py:157} INFO - Started process (PID=39) to work on /opt/airflow/dags/train_dag.py
[2024-05-17T17:01:57.226+0000] {processor.py:829} INFO - Processing file /opt/airflow/dags/train_dag.py for tasks to queue
[2024-05-17T17:01:57.228+0000] {logging_mixin.py:154} INFO - [2024-05-17T17:01:57.228+0000] {dagbag.py:536} INFO - Filling up the DagBag from /opt/airflow/dags/train_dag.py
[2024-05-17T17:01:57.237+0000] {processor.py:839} INFO - DAG(s) dict_keys(['train_and_store_model']) retrieved from /opt/airflow/dags/train_dag.py
[2024-05-17T17:01:57.249+0000] {logging_mixin.py:154} INFO - [2024-05-17T17:01:57.249+0000] {dag.py:2941} INFO - Sync 1 DAGs
[2024-05-17T17:01:57.272+0000] {logging_mixin.py:154} INFO - [2024-05-17T17:01:57.271+0000] {dag.py:3722} INFO - Setting next_dagrun for train_and_store_model to 2024-03-05T04:00:00+00:00, run_after=2024-03-06T04:00:00+00:00
[2024-05-17T17:01:57.288+0000] {processor.py:179} INFO - Processing /opt/airflow/dags/train_dag.py took 0.065 seconds
[2024-05-17T17:02:27.479+0000] {processor.py:157} INFO - Started process (PID=40) to work on /opt/airflow/dags/train_dag.py
[2024-05-17T17:02:27.480+0000] {processor.py:829} INFO - Processing file /opt/airflow/dags/train_dag.py for tasks to queue
[2024-05-17T17:02:27.481+0000] {logging_mixin.py:154} INFO - [2024-05-17T17:02:27.481+0000] {dagbag.py:536} INFO - Filling up the DagBag from /opt/airflow/dags/train_dag.py
[2024-05-17T17:02:27.490+0000] {processor.py:839} INFO - DAG(s) dict_keys(['train_and_store_model']) retrieved from /opt/airflow/dags/train_dag.py
[2024-05-17T17:02:27.662+0000] {logging_mixin.py:154} INFO - [2024-05-17T17:02:27.662+0000] {dag.py:2941} INFO - Sync 1 DAGs
[2024-05-17T17:02:27.680+0000] {logging_mixin.py:154} INFO - [2024-05-17T17:02:27.680+0000] {dag.py:3722} INFO - Setting next_dagrun for train_and_store_model to 2024-03-05T04:00:00+00:00, run_after=2024-03-06T04:00:00+00:00
[2024-05-17T17:02:27.696+0000] {processor.py:179} INFO - Processing /opt/airflow/dags/train_dag.py took 0.219 seconds
[2024-05-17T17:02:57.861+0000] {processor.py:157} INFO - Started process (PID=41) to work on /opt/airflow/dags/train_dag.py
[2024-05-17T17:02:57.872+0000] {processor.py:829} INFO - Processing file /opt/airflow/dags/train_dag.py for tasks to queue
[2024-05-17T17:02:57.874+0000] {logging_mixin.py:154} INFO - [2024-05-17T17:02:57.874+0000] {dagbag.py:536} INFO - Filling up the DagBag from /opt/airflow/dags/train_dag.py
[2024-05-17T17:02:57.883+0000] {processor.py:839} INFO - DAG(s) dict_keys(['train_and_store_model']) retrieved from /opt/airflow/dags/train_dag.py
[2024-05-17T17:02:57.907+0000] {logging_mixin.py:154} INFO - [2024-05-17T17:02:57.907+0000] {dag.py:2941} INFO - Sync 1 DAGs
[2024-05-17T17:02:57.929+0000] {logging_mixin.py:154} INFO - [2024-05-17T17:02:57.928+0000] {dag.py:3722} INFO - Setting next_dagrun for train_and_store_model to 2024-03-05T04:00:00+00:00, run_after=2024-03-06T04:00:00+00:00
[2024-05-17T17:02:57.943+0000] {processor.py:179} INFO - Processing /opt/airflow/dags/train_dag.py took 0.084 seconds
[2024-05-17T17:03:28.017+0000] {processor.py:157} INFO - Started process (PID=42) to work on /opt/airflow/dags/train_dag.py
[2024-05-17T17:03:28.028+0000] {processor.py:829} INFO - Processing file /opt/airflow/dags/train_dag.py for tasks to queue
[2024-05-17T17:03:28.030+0000] {logging_mixin.py:154} INFO - [2024-05-17T17:03:28.030+0000] {dagbag.py:536} INFO - Filling up the DagBag from /opt/airflow/dags/train_dag.py
[2024-05-17T17:03:28.039+0000] {processor.py:839} INFO - DAG(s) dict_keys(['train_and_store_model']) retrieved from /opt/airflow/dags/train_dag.py
[2024-05-17T17:03:28.062+0000] {logging_mixin.py:154} INFO - [2024-05-17T17:03:28.062+0000] {dag.py:2941} INFO - Sync 1 DAGs
[2024-05-17T17:03:28.082+0000] {logging_mixin.py:154} INFO - [2024-05-17T17:03:28.082+0000] {dag.py:3722} INFO - Setting next_dagrun for train_and_store_model to 2024-03-05T04:00:00+00:00, run_after=2024-03-06T04:00:00+00:00
[2024-05-17T17:03:28.096+0000] {processor.py:179} INFO - Processing /opt/airflow/dags/train_dag.py took 0.082 seconds
[2024-05-17T17:03:58.272+0000] {processor.py:157} INFO - Started process (PID=43) to work on /opt/airflow/dags/train_dag.py
[2024-05-17T17:03:58.272+0000] {processor.py:829} INFO - Processing file /opt/airflow/dags/train_dag.py for tasks to queue
[2024-05-17T17:03:58.274+0000] {logging_mixin.py:154} INFO - [2024-05-17T17:03:58.274+0000] {dagbag.py:536} INFO - Filling up the DagBag from /opt/airflow/dags/train_dag.py
[2024-05-17T17:03:58.282+0000] {processor.py:839} INFO - DAG(s) dict_keys(['train_and_store_model']) retrieved from /opt/airflow/dags/train_dag.py
[2024-05-17T17:03:58.305+0000] {logging_mixin.py:154} INFO - [2024-05-17T17:03:58.305+0000] {dag.py:2941} INFO - Sync 1 DAGs
[2024-05-17T17:03:58.325+0000] {logging_mixin.py:154} INFO - [2024-05-17T17:03:58.325+0000] {dag.py:3722} INFO - Setting next_dagrun for train_and_store_model to 2024-03-05T04:00:00+00:00, run_after=2024-03-06T04:00:00+00:00
[2024-05-17T17:03:58.341+0000] {processor.py:179} INFO - Processing /opt/airflow/dags/train_dag.py took 0.071 seconds
[2024-05-17T17:04:28.444+0000] {processor.py:157} INFO - Started process (PID=44) to work on /opt/airflow/dags/train_dag.py
[2024-05-17T17:04:28.456+0000] {processor.py:829} INFO - Processing file /opt/airflow/dags/train_dag.py for tasks to queue
[2024-05-17T17:04:28.458+0000] {logging_mixin.py:154} INFO - [2024-05-17T17:04:28.458+0000] {dagbag.py:536} INFO - Filling up the DagBag from /opt/airflow/dags/train_dag.py
[2024-05-17T17:04:28.466+0000] {processor.py:839} INFO - DAG(s) dict_keys(['train_and_store_model']) retrieved from /opt/airflow/dags/train_dag.py
[2024-05-17T17:04:28.489+0000] {logging_mixin.py:154} INFO - [2024-05-17T17:04:28.488+0000] {dag.py:2941} INFO - Sync 1 DAGs
[2024-05-17T17:04:28.508+0000] {logging_mixin.py:154} INFO - [2024-05-17T17:04:28.508+0000] {dag.py:3722} INFO - Setting next_dagrun for train_and_store_model to 2024-03-05T04:00:00+00:00, run_after=2024-03-06T04:00:00+00:00
[2024-05-17T17:04:28.523+0000] {processor.py:179} INFO - Processing /opt/airflow/dags/train_dag.py took 0.081 seconds
[2024-05-17T17:04:58.658+0000] {processor.py:157} INFO - Started process (PID=45) to work on /opt/airflow/dags/train_dag.py
[2024-05-17T17:04:58.669+0000] {processor.py:829} INFO - Processing file /opt/airflow/dags/train_dag.py for tasks to queue
[2024-05-17T17:04:58.671+0000] {logging_mixin.py:154} INFO - [2024-05-17T17:04:58.671+0000] {dagbag.py:536} INFO - Filling up the DagBag from /opt/airflow/dags/train_dag.py
[2024-05-17T17:04:58.679+0000] {processor.py:839} INFO - DAG(s) dict_keys(['train_and_store_model']) retrieved from /opt/airflow/dags/train_dag.py
[2024-05-17T17:04:58.699+0000] {logging_mixin.py:154} INFO - [2024-05-17T17:04:58.699+0000] {dag.py:2941} INFO - Sync 1 DAGs
[2024-05-17T17:04:58.720+0000] {logging_mixin.py:154} INFO - [2024-05-17T17:04:58.720+0000] {dag.py:3722} INFO - Setting next_dagrun for train_and_store_model to 2024-03-05T04:00:00+00:00, run_after=2024-03-06T04:00:00+00:00
[2024-05-17T17:04:58.736+0000] {processor.py:179} INFO - Processing /opt/airflow/dags/train_dag.py took 0.080 seconds
[2024-05-17T17:05:28.842+0000] {processor.py:157} INFO - Started process (PID=46) to work on /opt/airflow/dags/train_dag.py
[2024-05-17T17:05:28.843+0000] {processor.py:829} INFO - Processing file /opt/airflow/dags/train_dag.py for tasks to queue
[2024-05-17T17:05:28.845+0000] {logging_mixin.py:154} INFO - [2024-05-17T17:05:28.845+0000] {dagbag.py:536} INFO - Filling up the DagBag from /opt/airflow/dags/train_dag.py
[2024-05-17T17:05:28.854+0000] {processor.py:839} INFO - DAG(s) dict_keys(['train_and_store_model']) retrieved from /opt/airflow/dags/train_dag.py
[2024-05-17T17:05:28.877+0000] {logging_mixin.py:154} INFO - [2024-05-17T17:05:28.877+0000] {dag.py:2941} INFO - Sync 1 DAGs
[2024-05-17T17:05:28.898+0000] {logging_mixin.py:154} INFO - [2024-05-17T17:05:28.898+0000] {dag.py:3722} INFO - Setting next_dagrun for train_and_store_model to 2024-03-05T04:00:00+00:00, run_after=2024-03-06T04:00:00+00:00
[2024-05-17T17:05:28.913+0000] {processor.py:179} INFO - Processing /opt/airflow/dags/train_dag.py took 0.074 seconds
[2024-05-17T17:05:59.060+0000] {processor.py:157} INFO - Started process (PID=47) to work on /opt/airflow/dags/train_dag.py
[2024-05-17T17:05:59.071+0000] {processor.py:829} INFO - Processing file /opt/airflow/dags/train_dag.py for tasks to queue
[2024-05-17T17:05:59.073+0000] {logging_mixin.py:154} INFO - [2024-05-17T17:05:59.073+0000] {dagbag.py:536} INFO - Filling up the DagBag from /opt/airflow/dags/train_dag.py
[2024-05-17T17:05:59.081+0000] {processor.py:839} INFO - DAG(s) dict_keys(['train_and_store_model']) retrieved from /opt/airflow/dags/train_dag.py
[2024-05-17T17:05:59.103+0000] {logging_mixin.py:154} INFO - [2024-05-17T17:05:59.103+0000] {dag.py:2941} INFO - Sync 1 DAGs
[2024-05-17T17:05:59.123+0000] {logging_mixin.py:154} INFO - [2024-05-17T17:05:59.123+0000] {dag.py:3722} INFO - Setting next_dagrun for train_and_store_model to 2024-03-05T04:00:00+00:00, run_after=2024-03-06T04:00:00+00:00
[2024-05-17T17:05:59.138+0000] {processor.py:179} INFO - Processing /opt/airflow/dags/train_dag.py took 0.081 seconds
[2024-05-17T17:06:29.236+0000] {processor.py:157} INFO - Started process (PID=48) to work on /opt/airflow/dags/train_dag.py
[2024-05-17T17:06:29.247+0000] {processor.py:829} INFO - Processing file /opt/airflow/dags/train_dag.py for tasks to queue
[2024-05-17T17:06:29.249+0000] {logging_mixin.py:154} INFO - [2024-05-17T17:06:29.249+0000] {dagbag.py:536} INFO - Filling up the DagBag from /opt/airflow/dags/train_dag.py
[2024-05-17T17:06:29.258+0000] {processor.py:839} INFO - DAG(s) dict_keys(['train_and_store_model']) retrieved from /opt/airflow/dags/train_dag.py
[2024-05-17T17:06:29.280+0000] {logging_mixin.py:154} INFO - [2024-05-17T17:06:29.280+0000] {dag.py:2941} INFO - Sync 1 DAGs
[2024-05-17T17:06:29.301+0000] {logging_mixin.py:154} INFO - [2024-05-17T17:06:29.301+0000] {dag.py:3722} INFO - Setting next_dagrun for train_and_store_model to 2024-03-05T04:00:00+00:00, run_after=2024-03-06T04:00:00+00:00
[2024-05-17T17:06:29.317+0000] {processor.py:179} INFO - Processing /opt/airflow/dags/train_dag.py took 0.084 seconds
[2024-05-17T17:06:59.479+0000] {processor.py:157} INFO - Started process (PID=49) to work on /opt/airflow/dags/train_dag.py
[2024-05-17T17:06:59.491+0000] {processor.py:829} INFO - Processing file /opt/airflow/dags/train_dag.py for tasks to queue
[2024-05-17T17:06:59.493+0000] {logging_mixin.py:154} INFO - [2024-05-17T17:06:59.492+0000] {dagbag.py:536} INFO - Filling up the DagBag from /opt/airflow/dags/train_dag.py
[2024-05-17T17:06:59.501+0000] {processor.py:839} INFO - DAG(s) dict_keys(['train_and_store_model']) retrieved from /opt/airflow/dags/train_dag.py
[2024-05-17T17:06:59.523+0000] {logging_mixin.py:154} INFO - [2024-05-17T17:06:59.522+0000] {dag.py:2941} INFO - Sync 1 DAGs
[2024-05-17T17:06:59.542+0000] {logging_mixin.py:154} INFO - [2024-05-17T17:06:59.542+0000] {dag.py:3722} INFO - Setting next_dagrun for train_and_store_model to 2024-03-05T04:00:00+00:00, run_after=2024-03-06T04:00:00+00:00
[2024-05-17T17:06:59.558+0000] {processor.py:179} INFO - Processing /opt/airflow/dags/train_dag.py took 0.081 seconds
[2024-05-17T17:07:29.661+0000] {processor.py:157} INFO - Started process (PID=50) to work on /opt/airflow/dags/train_dag.py
[2024-05-17T17:07:29.673+0000] {processor.py:829} INFO - Processing file /opt/airflow/dags/train_dag.py for tasks to queue
[2024-05-17T17:07:29.675+0000] {logging_mixin.py:154} INFO - [2024-05-17T17:07:29.675+0000] {dagbag.py:536} INFO - Filling up the DagBag from /opt/airflow/dags/train_dag.py
[2024-05-17T17:07:29.683+0000] {processor.py:839} INFO - DAG(s) dict_keys(['train_and_store_model']) retrieved from /opt/airflow/dags/train_dag.py
[2024-05-17T17:07:29.706+0000] {logging_mixin.py:154} INFO - [2024-05-17T17:07:29.706+0000] {dag.py:2941} INFO - Sync 1 DAGs
[2024-05-17T17:07:29.727+0000] {logging_mixin.py:154} INFO - [2024-05-17T17:07:29.727+0000] {dag.py:3722} INFO - Setting next_dagrun for train_and_store_model to 2024-03-05T04:00:00+00:00, run_after=2024-03-06T04:00:00+00:00
[2024-05-17T17:07:29.742+0000] {processor.py:179} INFO - Processing /opt/airflow/dags/train_dag.py took 0.084 seconds
[2024-05-17T17:07:59.888+0000] {processor.py:157} INFO - Started process (PID=51) to work on /opt/airflow/dags/train_dag.py
[2024-05-17T17:07:59.899+0000] {processor.py:829} INFO - Processing file /opt/airflow/dags/train_dag.py for tasks to queue
[2024-05-17T17:07:59.901+0000] {logging_mixin.py:154} INFO - [2024-05-17T17:07:59.901+0000] {dagbag.py:536} INFO - Filling up the DagBag from /opt/airflow/dags/train_dag.py
[2024-05-17T17:07:59.909+0000] {processor.py:839} INFO - DAG(s) dict_keys(['train_and_store_model']) retrieved from /opt/airflow/dags/train_dag.py
[2024-05-17T17:07:59.931+0000] {logging_mixin.py:154} INFO - [2024-05-17T17:07:59.931+0000] {dag.py:2941} INFO - Sync 1 DAGs
[2024-05-17T17:07:59.952+0000] {logging_mixin.py:154} INFO - [2024-05-17T17:07:59.951+0000] {dag.py:3722} INFO - Setting next_dagrun for train_and_store_model to 2024-03-05T04:00:00+00:00, run_after=2024-03-06T04:00:00+00:00
[2024-05-17T17:07:59.967+0000] {processor.py:179} INFO - Processing /opt/airflow/dags/train_dag.py took 0.081 seconds
